f:\04-dissertation\02-viirs\gdal_viirs_interpolation\gdal_viirs_interpolation_extend\x64\debug\vc142.pdb
f:\04-dissertation\02-viirs\gdal_viirs_interpolation\gdal_viirs_interpolation_extend\x64\debug\vc142.idb
f:\04-dissertation\02-viirs\gdal_viirs_interpolation\gdal_viirs_interpolation_extend\x64\debug\spline.obj
f:\04-dissertation\02-viirs\gdal_viirs_interpolation\gdal_viirs_interpolation_extend\x64\debug\sadataexec.obj
f:\04-dissertation\02-viirs\gdal_viirs_interpolation\gdal_viirs_interpolation_extend\x64\debug\main.obj
f:\04-dissertation\02-viirs\gdal_viirs_interpolation\x64\debug\gdal_viirs_interpolation_extend.lib
f:\04-dissertation\02-viirs\gdal_viirs_interpolation\x64\debug\gdal_viirs_interpolation_extend.exp
f:\04-dissertation\02-viirs\gdal_viirs_interpolation\x64\debug\gdal_viirs_interpolation_extend.exe
f:\04-dissertation\02-viirs\gdal_viirs_interpolation\x64\debug\gdal_viirs_interpolation_extend.ilk
f:\04-dissertation\02-viirs\gdal_viirs_interpolation\x64\debug\gdal_viirs_interpolation_extend.pdb
f:\04-dissertation\02-viirs\ieee回复审稿人\github\timeseriesmethod\gdal_viirs_interpolation\gdal_viirs_interpolation_extend\x64\debug\main.obj
f:\04-dissertation\02-viirs\ieee回复审稿人\github\timeseriesmethod\gdal_viirs_interpolation\gdal_viirs_interpolation_extend\x64\debug\sadataexec.obj
f:\04-dissertation\02-viirs\ieee回复审稿人\github\timeseriesmethod\gdal_viirs_interpolation\gdal_viirs_interpolation_extend\x64\debug\spline.obj
f:\04-dissertation\02-viirs\ieee回复审稿人\github\timeseriesmethod\gdal_viirs_interpolation\gdal_viirs_interpolation_extend\x64\debug\vc142.idb
f:\04-dissertation\02-viirs\ieee回复审稿人\github\timeseriesmethod\gdal_viirs_interpolation\gdal_viirs_interpolation_extend\x64\debug\vc142.pdb
f:\04-dissertation\02-viirs\ieee回复审稿人\github\timeseriesmethod\gdal_viirs_interpolation\x64\debug\gdal_viirs_interpolation_extend.pdb
f:\04-dissertation\02-viirs\ieee回复审稿人\github\timeseriesmethod\gdal_viirs_interpolation\x64\debug\gdal_viirs_interpolation_extend.exe
f:\04-dissertation\02-viirs\ieee回复审稿人\github\timeseriesmethod\gdal_viirs_interpolation\x64\debug\gdal_viirs_interpolation_extend.ilk
f:\04-dissertation\02-viirs\ieee回复审稿人\github\timeseriesmethod\gdal_viirs_interpolation\gdal_viirs_interpolation_extend\x64\debug\gdal_vii.f033a2f9.tlog\cl.command.1.tlog
f:\04-dissertation\02-viirs\ieee回复审稿人\github\timeseriesmethod\gdal_viirs_interpolation\gdal_viirs_interpolation_extend\x64\debug\gdal_vii.f033a2f9.tlog\cl.read.1.tlog
f:\04-dissertation\02-viirs\ieee回复审稿人\github\timeseriesmethod\gdal_viirs_interpolation\gdal_viirs_interpolation_extend\x64\debug\gdal_vii.f033a2f9.tlog\cl.write.1.tlog
f:\04-dissertation\02-viirs\ieee回复审稿人\github\timeseriesmethod\gdal_viirs_interpolation\gdal_viirs_interpolation_extend\x64\debug\gdal_vii.f033a2f9.tlog\gdal_viirs_interpolation_extend.write.1u.tlog
f:\04-dissertation\02-viirs\ieee回复审稿人\github\timeseriesmethod\gdal_viirs_interpolation\gdal_viirs_interpolation_extend\x64\debug\gdal_vii.f033a2f9.tlog\link.command.1.tlog
f:\04-dissertation\02-viirs\ieee回复审稿人\github\timeseriesmethod\gdal_viirs_interpolation\gdal_viirs_interpolation_extend\x64\debug\gdal_vii.f033a2f9.tlog\link.delete.1.tlog
f:\04-dissertation\02-viirs\ieee回复审稿人\github\timeseriesmethod\gdal_viirs_interpolation\gdal_viirs_interpolation_extend\x64\debug\gdal_vii.f033a2f9.tlog\link.read.1.tlog
f:\04-dissertation\02-viirs\ieee回复审稿人\github\timeseriesmethod\gdal_viirs_interpolation\gdal_viirs_interpolation_extend\x64\debug\gdal_vii.f033a2f9.tlog\link.write.1.tlog
