  main.cpp
D:\Program Files\gdal\include\ogr_featurestyle.h(89,39): warning C4251: “OGRStyleTable::osLastRequestedStyleName”: class“CPLStringT<void>”需要有 dll 接口由 class“OGRStyleTable”的客户端使用
D:\Program Files\gdal\include\cpl_string.h(323): message : 参见“CPLStringT<void>”的声明
D:\Program Files\gdal\include\cpl_json.h(153,24): warning C4251: “CPLJSONObject::m_osKey”: class“std::basic_string<char,std::char_traits<char>,std::allocator<char>>”需要有 dll 接口由 class“CPLJSONObject”的客户端使用
C:\Program Files (x86)\Microsoft Visual Studio\2019\Community\VC\Tools\MSVC\14.26.28801\include\xstring(4575): message : 参见“std::basic_string<char,std::char_traits<char>,std::allocator<char>>”的声明
D:\Program Files\gdal\include\ogr_geometry.h(947,53): warning C4251: “OGRCurve::ConstIterator::m_poPrivate”: class“std::unique_ptr<OGRCurve::ConstIterator::Private,std::default_delete<OGRCurve::ConstIterator::Private>>”需要有 dll 接口由 class“OGRCurve::ConstIterator”的客户端使用
D:\Program Files\gdal\include\ogr_geometry.h(947): message : 参见“std::unique_ptr<OGRCurve::ConstIterator::Private,std::default_delete<OGRCurve::ConstIterator::Private>>”的声明
D:\Program Files\gdal\include\ogr_geometry.h(1066,53): warning C4251: “OGRSimpleCurve::Iterator::m_poPrivate”: class“std::unique_ptr<OGRSimpleCurve::Iterator::Private,std::default_delete<OGRSimpleCurve::Iterator::Private>>”需要有 dll 接口由 class“OGRSimpleCurve::Iterator”的客户端使用
D:\Program Files\gdal\include\ogr_geometry.h(1066): message : 参见“std::unique_ptr<OGRSimpleCurve::Iterator::Private,std::default_delete<OGRSimpleCurve::Iterator::Private>>”的声明
D:\Program Files\gdal\include\ogr_geometry.h(1083,53): warning C4251: “OGRSimpleCurve::ConstIterator::m_poPrivate”: class“std::unique_ptr<OGRSimpleCurve::ConstIterator::Private,std::default_delete<OGRSimpleCurve::ConstIterator::Private>>”需要有 dll 接口由 class“OGRSimpleCurve::ConstIterator”的客户端使用
D:\Program Files\gdal\include\ogr_geometry.h(1083): message : 参见“std::unique_ptr<OGRSimpleCurve::ConstIterator::Private,std::default_delete<OGRSimpleCurve::ConstIterator::Private>>”的声明
D:\Program Files\gdal\include\ogr_feature.h(384,45): warning C4251: “OGRFeature::FieldValue::m_poPrivate”: class“std::unique_ptr<OGRFeature::FieldValue::Private,std::default_delete<OGRFeature::FieldValue::Private>>”需要有 dll 接口由 class“OGRFeature::FieldValue”的客户端使用
D:\Program Files\gdal\include\ogr_feature.h(384): message : 参见“std::unique_ptr<OGRFeature::FieldValue::Private,std::default_delete<OGRFeature::FieldValue::Private>>”的声明
D:\Program Files\gdal\include\ogr_feature.h(527,45): warning C4251: “OGRFeature::ConstFieldIterator::m_poPrivate”: class“std::unique_ptr<OGRFeature::ConstFieldIterator::Private,std::default_delete<OGRFeature::ConstFieldIterator::Private>>”需要有 dll 接口由 class“OGRFeature::ConstFieldIterator”的客户端使用
D:\Program Files\gdal\include\ogr_feature.h(527): message : 参见“std::unique_ptr<OGRFeature::ConstFieldIterator::Private,std::default_delete<OGRFeature::ConstFieldIterator::Private>>”的声明
F:\04-dissertation\02-VIIRS\gdal_viirs_Interpolation\gdal_viirs_Interpolation_extend\main.cpp(57,115): warning C4305: “参数”: 从“double”到“float”截断
F:\04-dissertation\02-VIIRS\gdal_viirs_Interpolation\gdal_viirs_Interpolation_extend\main.cpp(281,26): warning C4267: “=”: 从“size_t”转换到“int”，可能丢失数据
    正在创建库 F:\04-dissertation\02-VIIRS\gdal_viirs_Interpolation\x64\Release\gdal_viirs_Interpolation_extend.lib 和对象 F:\04-dissertation\02-VIIRS\gdal_viirs_Interpolation\x64\Release\gdal_viirs_Interpolation_extend.exp
  正在生成代码
  2 of 1158 functions ( 0.2%) were compiled, the rest were copied from previous compilation.
    0 functions were new in current compilation
    0 functions had inline decision re-evaluated but remain unchanged
  已完成代码的生成
  gdal_viirs_Interpolation_extend.vcxproj -> F:\04-dissertation\02-VIIRS\gdal_viirs_Interpolation\x64\Release\gdal_viirs_Interpolation_extend.exe
